<?xml version="1.0" encoding="UTF-8"?>
<!-- Generated by org.testng.reporters.JUnitXMLReporter -->
<testsuite hostname="Mahesh" ignored="0" name="anuhya" tests="4" failures="0" timestamp="04 Jul 2020 14:32:06 GMT" time="64.584" errors="0">
  <testcase name="addEmp" time="56.371" classname="myPack.Anuhya"/>
  <testcase name="deleteEmp" time="0.0" classname="myPack.Anuhya"/>
  <testcase name="editEmp" time="0.0" classname="myPack.Anuhya"/>
  <testcase name="verifyLogin" time="8.19" classname="myPack.Anuhya"/>
</testsuite> <!-- anuhya -->
